# JRE version: OpenJDK Runtime Environment Temurin-21.0.6+7 (21.0.6+7) (build 21.0.6+7-LTS)
# Java VM: OpenJDK 64-Bit Server VM Temurin-21.0.6+7 (21.0.6+7-LTS, mixed mode, sharing, tiered, compressed oops, compressed class ptrs, parallel gc, windows-amd64)
GC Precious Log:
 CardTable entry size: 512
 CPUs: 24 total, 24 available
 Memory: 16121M
 Large Page Support: Disabled
 NUMA Support: Disabled
 Compressed Oops: Enabled (32-bit)
 Alignments: Space 512K, Generation 512K, Heap 2M
 Heap Min Capacity: 100M
 Heap Initial Capacity: 100M
 Heap Max Capacity: 1G
 Pre-touch: Disabled
 Parallel Workers: 18
Heap:
 PSYoungGen      total 6144K, used 4169K [0x00000000eab00000, 0x00000000eb200000, 0x0000000100000000)
  eden space 5120K, 62% used [0x00000000eab00000,0x00000000eae22400,0x00000000eb000000)
  from space 1024K, 93% used [0x00000000eb000000,0x00000000eb0f0000,0x00000000eb100000)
  to   space 1024K, 0% used [0x00000000eb100000,0x00000000eb100000,0x00000000eb200000)
 ParOldGen       total 680960K, used 680718K [0x00000000c0000000, 0x00000000e9900000, 0x00000000eab00000)
  object space 680960K, 99% used [0x00000000c0000000,0x00000000e98c3ad8,0x00000000e9900000)
 Metaspace       used 66587K, committed 68096K, reserved 1114112K
  class space    used 6912K, committed 7552K, reserved 1048576K
GC Heap History (20 events):
Event: 24.840 GC heap before
{Heap before GC invocations=1135 (full 3):
 PSYoungGen      total 6144K, used 5755K [0x00000000eab00000, 0x00000000eb200000, 0x0000000100000000)
  eden space 5120K, 100% used [0x00000000eab00000,0x00000000eb000000,0x00000000eb000000)
  from space 1024K, 62% used [0x00000000eb000000,0x00000000eb09ec08,0x00000000eb100000)
  to   space 1024K, 0% used [0x00000000eb100000,0x00000000eb100000,0x00000000eb200000)
 ParOldGen       total 673792K, used 673330K [0x00000000c0000000, 0x00000000e9200000, 0x00000000eab00000)
  object space 673792K, 99% used [0x00000000c0000000,0x00000000e918cb68,0x00000000e9200000)
 Metaspace       used 65705K, committed 67136K, reserved 1114112K
  class space    used 6822K, committed 7424K, reserved 1048576K
}
Event: 24.842 GC heap after
{Heap after GC invocations=1135 (full 3):
 PSYoungGen      total 6144K, used 512K [0x00000000eab00000, 0x00000000eb200000, 0x0000000100000000)
  eden space 5120K, 0% used [0x00000000eab00000,0x00000000eab00000,0x00000000eb000000)
  from space 1024K, 50% used [0x00000000eb100000,0x00000000eb180000,0x00000000eb200000)
  to   space 1024K, 0% used [0x00000000eb000000,0x00000000eb000000,0x00000000eb100000)
 ParOldGen       total 673792K, used 673749K [0x00000000c0000000, 0x00000000e9200000, 0x00000000eab00000)
  object space 673792K, 99% used [0x00000000c0000000,0x00000000e91f5770,0x00000000e9200000)
 Metaspace       used 65705K, committed 67136K, reserved 1114112K
  class space    used 6822K, committed 7424K, reserved 1048576K
}
Event: 24.848 GC heap before
{Heap before GC invocations=1136 (full 3):
 PSYoungGen      total 6144K, used 5631K [0x00000000eab00000, 0x00000000eb200000, 0x0000000100000000)
  eden space 5120K, 99% used [0x00000000eab00000,0x00000000eafffc88,0x00000000eb000000)
  from space 1024K, 50% used [0x00000000eb100000,0x00000000eb180000,0x00000000eb200000)
  to   space 1024K, 0% used [0x00000000eb000000,0x00000000eb000000,0x00000000eb100000)
 ParOldGen       total 673792K, used 673749K [0x00000000c0000000, 0x00000000e9200000, 0x00000000eab00000)
  object space 673792K, 99% used [0x00000000c0000000,0x00000000e91f5770,0x00000000e9200000)
 Metaspace       used 65763K, committed 67264K, reserved 1114112K
  class space    used 6827K, committed 7488K, reserved 1048576K
}
Event: 24.849 GC heap after
{Heap after GC invocations=1136 (full 3):
 PSYoungGen      total 6144K, used 800K [0x00000000eab00000, 0x00000000eb200000, 0x0000000100000000)
  eden space 5120K, 0% used [0x00000000eab00000,0x00000000eab00000,0x00000000eb000000)
  from space 1024K, 78% used [0x00000000eb000000,0x00000000eb0c8000,0x00000000eb100000)
  to   space 1024K, 0% used [0x00000000eb100000,0x00000000eb100000,0x00000000eb200000)
 ParOldGen       total 674304K, used 674149K [0x00000000c0000000, 0x00000000e9280000, 0x00000000eab00000)
  object space 674304K, 99% used [0x00000000c0000000,0x00000000e9259770,0x00000000e9280000)
 Metaspace       used 65763K, committed 67264K, reserved 1114112K
  class space    used 6827K, committed 7488K, reserved 1048576K
}
Event: 24.855 GC heap before
{Heap before GC invocations=1137 (full 3):
 PSYoungGen      total 6144K, used 5920K [0x00000000eab00000, 0x00000000eb200000, 0x0000000100000000)
  eden space 5120K, 100% used [0x00000000eab00000,0x00000000eb000000,0x00000000eb000000)
  from space 1024K, 78% used [0x00000000eb000000,0x00000000eb0c8000,0x00000000eb100000)
  to   space 1024K, 0% used [0x00000000eb100000,0x00000000eb100000,0x00000000eb200000)
 ParOldGen       total 674304K, used 674149K [0x00000000c0000000, 0x00000000e9280000, 0x00000000eab00000)
  object space 674304K, 99% used [0x00000000c0000000,0x00000000e9259770,0x00000000e9280000)
 Metaspace       used 65905K, committed 67392K, reserved 1114112K
  class space    used 6843K, committed 7488K, reserved 1048576K
}
Event: 24.856 GC heap after
{Heap after GC invocations=1137 (full 3):
 PSYoungGen      total 6144K, used 758K [0x00000000eab00000, 0x00000000eb200000, 0x0000000100000000)
  eden space 5120K, 0% used [0x00000000eab00000,0x00000000eab00000,0x00000000eb000000)
  from space 1024K, 74% used [0x00000000eb100000,0x00000000eb1bd808,0x00000000eb200000)
  to   space 1024K, 0% used [0x00000000eb000000,0x00000000eb000000,0x00000000eb100000)
 ParOldGen       total 674816K, used 674781K [0x00000000c0000000, 0x00000000e9300000, 0x00000000eab00000)
  object space 674816K, 99% used [0x00000000c0000000,0x00000000e92f7770,0x00000000e9300000)
 Metaspace       used 65905K, committed 67392K, reserved 1114112K
  class space    used 6843K, committed 7488K, reserved 1048576K
}
Event: 24.862 GC heap before
{Heap before GC invocations=1138 (full 3):
 PSYoungGen      total 6144K, used 5878K [0x00000000eab00000, 0x00000000eb200000, 0x0000000100000000)
  eden space 5120K, 100% used [0x00000000eab00000,0x00000000eb000000,0x00000000eb000000)
  from space 1024K, 74% used [0x00000000eb100000,0x00000000eb1bd808,0x00000000eb200000)
  to   space 1024K, 0% used [0x00000000eb000000,0x00000000eb000000,0x00000000eb100000)
 ParOldGen       total 675328K, used 674825K [0x00000000c0000000, 0x00000000e9380000, 0x00000000eab00000)
  object space 675328K, 99% used [0x00000000c0000000,0x00000000e93024e0,0x00000000e9380000)
 Metaspace       used 66017K, committed 67456K, reserved 1114112K
  class space    used 6855K, committed 7488K, reserved 1048576K
}
Event: 24.863 GC heap after
{Heap after GC invocations=1138 (full 3):
 PSYoungGen      total 6144K, used 800K [0x00000000eab00000, 0x00000000eb200000, 0x0000000100000000)
  eden space 5120K, 0% used [0x00000000eab00000,0x00000000eab00000,0x00000000eb000000)
  from space 1024K, 78% used [0x00000000eb000000,0x00000000eb0c8000,0x00000000eb100000)
  to   space 1024K, 0% used [0x00000000eb100000,0x00000000eb100000,0x00000000eb200000)
 ParOldGen       total 675840K, used 675375K [0x00000000c0000000, 0x00000000e9400000, 0x00000000eab00000)
  object space 675840K, 99% used [0x00000000c0000000,0x00000000e938bce8,0x00000000e9400000)
 Metaspace       used 66017K, committed 67456K, reserved 1114112K
  class space    used 6855K, committed 7488K, reserved 1048576K
}
Event: 24.869 GC heap before
{Heap before GC invocations=1139 (full 3):
 PSYoungGen      total 6144K, used 5919K [0x00000000eab00000, 0x00000000eb200000, 0x0000000100000000)
  eden space 5120K, 99% used [0x00000000eab00000,0x00000000eafffff0,0x00000000eb000000)
  from space 1024K, 78% used [0x00000000eb000000,0x00000000eb0c8000,0x00000000eb100000)
  to   space 1024K, 0% used [0x00000000eb100000,0x00000000eb100000,0x00000000eb200000)
 ParOldGen       total 675840K, used 675379K [0x00000000c0000000, 0x00000000e9400000, 0x00000000eab00000)
  object space 675840K, 99% used [0x00000000c0000000,0x00000000e938ce88,0x00000000e9400000)
 Metaspace       used 66159K, committed 67584K, reserved 1114112K
  class space    used 6870K, committed 7488K, reserved 1048576K
}
Event: 24.870 GC heap after
{Heap after GC invocations=1139 (full 3):
 PSYoungGen      total 6144K, used 940K [0x00000000eab00000, 0x00000000eb200000, 0x0000000100000000)
  eden space 5120K, 0% used [0x00000000eab00000,0x00000000eab00000,0x00000000eb000000)
  from space 1024K, 91% used [0x00000000eb100000,0x00000000eb1eb008,0x00000000eb200000)
  to   space 1024K, 0% used [0x00000000eb000000,0x00000000eb000000,0x00000000eb100000)
 ParOldGen       total 676352K, used 676019K [0x00000000c0000000, 0x00000000e9480000, 0x00000000eab00000)
  object space 676352K, 99% used [0x00000000c0000000,0x00000000e942ce88,0x00000000e9480000)
 Metaspace       used 66159K, committed 67584K, reserved 1114112K
  class space    used 6870K, committed 7488K, reserved 1048576K
}
Event: 24.875 GC heap before
{Heap before GC invocations=1140 (full 3):
 PSYoungGen      total 6144K, used 6060K [0x00000000eab00000, 0x00000000eb200000, 0x0000000100000000)
  eden space 5120K, 100% used [0x00000000eab00000,0x00000000eb000000,0x00000000eb000000)
  from space 1024K, 91% used [0x00000000eb100000,0x00000000eb1eb008,0x00000000eb200000)
  to   space 1024K, 0% used [0x00000000eb000000,0x00000000eb000000,0x00000000eb100000)
 ParOldGen       total 676352K, used 676019K [0x00000000c0000000, 0x00000000e9480000, 0x00000000eab00000)
  object space 676352K, 99% used [0x00000000c0000000,0x00000000e942ce88,0x00000000e9480000)
 Metaspace       used 66293K, committed 67712K, reserved 1114112K
  class space    used 6881K, committed 7488K, reserved 1048576K
}
Event: 24.877 GC heap after
{Heap after GC invocations=1140 (full 3):
 PSYoungGen      total 6144K, used 888K [0x00000000eab00000, 0x00000000eb200000, 0x0000000100000000)
  eden space 5120K, 0% used [0x00000000eab00000,0x00000000eab00000,0x00000000eb000000)
  from space 1024K, 86% used [0x00000000eb000000,0x00000000eb0de228,0x00000000eb100000)
  to   space 1024K, 0% used [0x00000000eb100000,0x00000000eb100000,0x00000000eb200000)
 ParOldGen       total 676864K, used 676727K [0x00000000c0000000, 0x00000000e9500000, 0x00000000eab00000)
  object space 676864K, 99% used [0x00000000c0000000,0x00000000e94dde90,0x00000000e9500000)
 Metaspace       used 66293K, committed 67712K, reserved 1114112K
  class space    used 6881K, committed 7488K, reserved 1048576K
}
Event: 24.882 GC heap before
{Heap before GC invocations=1141 (full 3):
 PSYoungGen      total 6144K, used 6008K [0x00000000eab00000, 0x00000000eb200000, 0x0000000100000000)
  eden space 5120K, 100% used [0x00000000eab00000,0x00000000eb000000,0x00000000eb000000)
  from space 1024K, 86% used [0x00000000eb000000,0x00000000eb0de228,0x00000000eb100000)
  to   space 1024K, 0% used [0x00000000eb100000,0x00000000eb100000,0x00000000eb200000)
 ParOldGen       total 676864K, used 676727K [0x00000000c0000000, 0x00000000e9500000, 0x00000000eab00000)
  object space 676864K, 99% used [0x00000000c0000000,0x00000000e94dde90,0x00000000e9500000)
 Metaspace       used 66332K, committed 67776K, reserved 1114112K
  class space    used 6888K, committed 7488K, reserved 1048576K
}
Event: 24.883 GC heap after
{Heap after GC invocations=1141 (full 3):
 PSYoungGen      total 6144K, used 864K [0x00000000eab00000, 0x00000000eb200000, 0x0000000100000000)
  eden space 5120K, 0% used [0x00000000eab00000,0x00000000eab00000,0x00000000eb000000)
  from space 1024K, 84% used [0x00000000eb100000,0x00000000eb1d8000,0x00000000eb200000)
  to   space 1024K, 0% used [0x00000000eb000000,0x00000000eb000000,0x00000000eb100000)
 ParOldGen       total 677376K, used 677287K [0x00000000c0000000, 0x00000000e9580000, 0x00000000eab00000)
  object space 677376K, 99% used [0x00000000c0000000,0x00000000e9569e90,0x00000000e9580000)
 Metaspace       used 66332K, committed 67776K, reserved 1114112K
  class space    used 6888K, committed 7488K, reserved 1048576K
}
Event: 24.888 GC heap before
{Heap before GC invocations=1142 (full 3):
 PSYoungGen      total 6144K, used 5984K [0x00000000eab00000, 0x00000000eb200000, 0x0000000100000000)
  eden space 5120K, 100% used [0x00000000eab00000,0x00000000eb000000,0x00000000eb000000)
  from space 1024K, 84% used [0x00000000eb100000,0x00000000eb1d8000,0x00000000eb200000)
  to   space 1024K, 0% used [0x00000000eb000000,0x00000000eb000000,0x00000000eb100000)
 ParOldGen       total 677376K, used 677287K [0x00000000c0000000, 0x00000000e9580000, 0x00000000eab00000)
  object space 677376K, 99% used [0x00000000c0000000,0x00000000e9569e90,0x00000000e9580000)
 Metaspace       used 66363K, committed 67776K, reserved 1114112K
  class space    used 6889K, committed 7488K, reserved 1048576K
}
Event: 24.890 GC heap after
{Heap after GC invocations=1142 (full 3):
 PSYoungGen      total 6144K, used 896K [0x00000000eab00000, 0x00000000eb200000, 0x0000000100000000)
  eden space 5120K, 0% used [0x00000000eab00000,0x00000000eab00000,0x00000000eb000000)
  from space 1024K, 87% used [0x00000000eb000000,0x00000000eb0e0000,0x00000000eb100000)
  to   space 1024K, 0% used [0x00000000eb100000,0x00000000eb100000,0x00000000eb200000)
 ParOldGen       total 678400K, used 677934K [0x00000000c0000000, 0x00000000e9680000, 0x00000000eab00000)
  object space 678400K, 99% used [0x00000000c0000000,0x00000000e960b998,0x00000000e9680000)
 Metaspace       used 66363K, committed 67776K, reserved 1114112K
  class space    used 6889K, committed 7488K, reserved 1048576K
}
Event: 24.896 GC heap before
{Heap before GC invocations=1143 (full 3):
 PSYoungGen      total 6144K, used 6016K [0x00000000eab00000, 0x00000000eb200000, 0x0000000100000000)
  eden space 5120K, 100% used [0x00000000eab00000,0x00000000eb000000,0x00000000eb000000)
  from space 1024K, 87% used [0x00000000eb000000,0x00000000eb0e0000,0x00000000eb100000)
  to   space 1024K, 0% used [0x00000000eb100000,0x00000000eb100000,0x00000000eb200000)
 ParOldGen       total 678400K, used 677934K [0x00000000c0000000, 0x00000000e9680000, 0x00000000eab00000)
  object space 678400K, 99% used [0x00000000c0000000,0x00000000e960b998,0x00000000e9680000)
 Metaspace       used 66388K, committed 67840K, reserved 1114112K
  class space    used 6890K, committed 7488K, reserved 1048576K
}
Event: 24.897 GC heap after
{Heap after GC invocations=1143 (full 3):
 PSYoungGen      total 6144K, used 960K [0x00000000eab00000, 0x00000000eb200000, 0x0000000100000000)
  eden space 5120K, 0% used [0x00000000eab00000,0x00000000eab00000,0x00000000eb000000)
  from space 1024K, 93% used [0x00000000eb100000,0x00000000eb1f0000,0x00000000eb200000)
  to   space 1024K, 0% used [0x00000000eb000000,0x00000000eb000000,0x00000000eb100000)
 ParOldGen       total 678912K, used 678582K [0x00000000c0000000, 0x00000000e9700000, 0x00000000eab00000)
  object space 678912K, 99% used [0x00000000c0000000,0x00000000e96ad998,0x00000000e9700000)
 Metaspace       used 66388K, committed 67840K, reserved 1114112K
  class space    used 6890K, committed 7488K, reserved 1048576K
}
Event: 24.903 GC heap before
{Heap before GC invocations=1144 (full 3):
 PSYoungGen      total 6144K, used 6080K [0x00000000eab00000, 0x00000000eb200000, 0x0000000100000000)
  eden space 5120K, 100% used [0x00000000eab00000,0x00000000eb000000,0x00000000eb000000)
  from space 1024K, 93% used [0x00000000eb100000,0x00000000eb1f0000,0x00000000eb200000)
  to   space 1024K, 0% used [0x00000000eb000000,0x00000000eb000000,0x00000000eb100000)
 ParOldGen       total 678912K, used 678582K [0x00000000c0000000, 0x00000000e9700000, 0x00000000eab00000)
  object space 678912K, 99% used [0x00000000c0000000,0x00000000e96ad9b0,0x00000000e9700000)
 Metaspace       used 66415K, committed 67968K, reserved 1114112K
  class space    used 6897K, committed 7552K, reserved 1048576K
}
Event: 24.905 GC heap after
{Heap after GC invocations=1144 (full 3):
 PSYoungGen      total 6144K, used 832K [0x00000000eab00000, 0x00000000eb200000, 0x0000000100000000)
  eden space 5120K, 0% used [0x00000000eab00000,0x00000000eab00000,0x00000000eb000000)
  from space 1024K, 81% used [0x00000000eb000000,0x00000000eb0d0000,0x00000000eb100000)
  to   space 1024K, 0% used [0x00000000eb100000,0x00000000eb100000,0x00000000eb200000)
 ParOldGen       total 679424K, used 679302K [0x00000000c0000000, 0x00000000e9780000, 0x00000000eab00000)
  object space 679424K, 99% used [0x00000000c0000000,0x00000000e97619b0,0x00000000e9780000)
 Metaspace       used 66415K, committed 67968K, reserved 1114112K
  class space    used 6897K, committed 7552K, reserved 1048576K
}

